[    0.000000] Initializing cgroup subsys cpuset
[    0.000000] Initializing cgroup subsys cpu
[    0.000000] Initializing cgroup subsys cpuacct
[    0.000000] Linux version 4.4.0-134-generic (buildd@lgw01-amd64-033) (gcc version 5.4.0 20160609 (Ubuntu 5.4.0-6ubuntu1~16.04.10) ) #160-Ubuntu SMP Wed Aug 15 14:58:00 UTC 2018 (Ubuntu 4.4.0-134.160-generic 4.4.140)
[    0.000000] Command line: BOOT_IMAGE=/boot/vmlinuz-4.4.0-134-generic root=LABEL=cloudimg-rootfs ro console=tty1 console=ttyS0
[    0.000000] KERNEL supported cpus:
[    0.000000]   Intel GenuineIntel
[    0.000000]   AMD AuthenticAMD
[    0.000000]   Centaur CentaurHauls
[    0.000000] x86/fpu: xstate_offset[2]:  576, xstate_sizes[2]:  256
[    0.000000] x86/fpu: Supporting XSAVE feature 0x01: 'x87 floating point registers'
[    0.000000] x86/fpu: Supporting XSAVE feature 0x02: 'SSE registers'
[    0.000000] x86/fpu: Supporting XSAVE feature 0x04: 'AVX registers'
[    0.000000] x86/fpu: Enabled xstate features 0x7, context size is 832 bytes, using 'standard' format.
[    0.000000] e820: BIOS-provided physical RAM map:
[    0.000000] BIOS-e820: [mem 0x0000000000000000-0x000000000009fbff] usable
[    0.000000] BIOS-e820: [mem 0x000000000009fc00-0x000000000009ffff] reserved
[    0.000000] BIOS-e820: [mem 0x00000000000f0000-0x00000000000fffff] reserved
[    0.000000] BIOS-e820: [mem 0x0000000000100000-0x00000000dffeffff] usable
[    0.000000] BIOS-e820: [mem 0x00000000dfff0000-0x00000000dfffffff] ACPI data
[    0.000000] BIOS-e820: [mem 0x00000000fec00000-0x00000000fec00fff] reserved
[    0.000000] BIOS-e820: [mem 0x00000000fee00000-0x00000000fee00fff] reserved
[    0.000000] BIOS-e820: [mem 0x00000000fffc0000-0x00000000ffffffff] reserved
[    0.000000] BIOS-e820: [mem 0x0000000100000000-0x000000011b7fffff] usable
[    0.000000] NX (Execute Disable) protection: active
[    0.000000] SMBIOS 2.5 present.
[    0.000000] Hypervisor detected: KVM
[    0.000000] e820: last_pfn = 0x11b800 max_arch_pfn = 0x400000000
[    0.000000] MTRR: Disabled
[    0.000000] x86/PAT: MTRRs disabled, skipping PAT initialization too.
[    0.000000] CPU MTRRs all blank - virtualized system.
[    0.000000] x86/PAT: Configuration [0-7]: WB  WT  UC- UC  WB  WT  UC- UC  
[    0.000000] e820: last_pfn = 0xdfff0 max_arch_pfn = 0x400000000
[    0.000000] found SMP MP-table at [mem 0x0009fff0-0x0009ffff] mapped at [ffff88000009fff0]
[    0.000000] Scanning 1 areas for low memory corruption
[    0.000000] RAMDISK: [mem 0x3630c000-0x3717dfff]
[    0.000000] ACPI: Early table checksum verification disabled
[    0.000000] ACPI: RSDP 0x00000000000E0000 000024 (v02 VBOX  )
[    0.000000] ACPI: XSDT 0x00000000DFFF0030 00003C (v01 VBOX   VBOXXSDT 00000001 ASL  00000061)
[    0.000000] ACPI: FACP 0x00000000DFFF00F0 0000F4 (v04 VBOX   VBOXFACP 00000001 ASL  00000061)
[    0.000000] ACPI: DSDT 0x00000000DFFF0470 0021FF (v02 VBOX   VBOXBIOS 00000002 INTL 20100528)
[    0.000000] ACPI: FACS 0x00000000DFFF0200 000040
[    0.000000] ACPI: FACS 0x00000000DFFF0200 000040
[    0.000000] ACPI: APIC 0x00000000DFFF0240 00005C (v02 VBOX   VBOXAPIC 00000001 ASL  00000061)
[    0.000000] ACPI: SSDT 0x00000000DFFF02A0 0001CC (v01 VBOX   VBOXCPUT 00000002 INTL 20100528)
[    0.000000] No NUMA configuration found
[    0.000000] Faking a node at [mem 0x0000000000000000-0x000000011b7fffff]
[    0.000000] NODE_DATA(0) allocated [mem 0x11b7f9000-0x11b7fdfff]
[    0.000000] kvm-clock: Using msrs 4b564d01 and 4b564d00
[    0.000000] kvm-clock: cpu 0, msr 1:1b7f1001, primary cpu clock
[    0.000000] kvm-clock: using sched offset of 15305678348 cycles
[    0.000000] clocksource: kvm-clock: mask: 0xffffffffffffffff max_cycles: 0x1cd42e4dffb, max_idle_ns: 881590591483 ns
[    0.000000] Zone ranges:
[    0.000000]   DMA      [mem 0x0000000000001000-0x0000000000ffffff]
[    0.000000]   DMA32    [mem 0x0000000001000000-0x00000000ffffffff]
[    0.000000]   Normal   [mem 0x0000000100000000-0x000000011b7fffff]
[    0.000000]   Device   empty
[    0.000000] Movable zone start for each node
[    0.000000] Early memory node ranges
[    0.000000]   node   0: [mem 0x0000000000001000-0x000000000009efff]
[    0.000000]   node   0: [mem 0x0000000000100000-0x00000000dffeffff]
[    0.000000]   node   0: [mem 0x0000000100000000-0x000000011b7fffff]
[    0.000000] Initmem setup node 0 [mem 0x0000000000001000-0x000000011b7fffff]
[    0.000000] ACPI: PM-Timer IO Port: 0x4008
[    0.000000] IOAPIC[0]: apic_id 2, version 32, address 0xfec00000, GSI 0-23
[    0.000000] ACPI: INT_SRC_OVR (bus 0 bus_irq 0 global_irq 2 dfl dfl)
[    0.000000] ACPI: INT_SRC_OVR (bus 0 bus_irq 9 global_irq 9 low level)
[    0.000000] Using ACPI (MADT) for SMP configuration information
[    0.000000] smpboot: Allowing 2 CPUs, 0 hotplug CPUs
[    0.000000] PM: Registered nosave memory: [mem 0x00000000-0x00000fff]
[    0.000000] PM: Registered nosave memory: [mem 0x0009f000-0x0009ffff]
[    0.000000] PM: Registered nosave memory: [mem 0x000a0000-0x000effff]
[    0.000000] PM: Registered nosave memory: [mem 0x000f0000-0x000fffff]
[    0.000000] PM: Registered nosave memory: [mem 0xdfff0000-0xdfffffff]
[    0.000000] PM: Registered nosave memory: [mem 0xe0000000-0xfebfffff]
[    0.000000] PM: Registered nosave memory: [mem 0xfec00000-0xfec00fff]
[    0.000000] PM: Registered nosave memory: [mem 0xfec01000-0xfedfffff]
[    0.000000] PM: Registered nosave memory: [mem 0xfee00000-0xfee00fff]
[    0.000000] PM: Registered nosave memory: [mem 0xfee01000-0xfffbffff]
[    0.000000] PM: Registered nosave memory: [mem 0xfffc0000-0xffffffff]
[    0.000000] e820: [mem 0xe0000000-0xfebfffff] available for PCI devices
[    0.000000] Booting paravirtualized kernel on KVM
[    0.000000] clocksource: refined-jiffies: mask: 0xffffffff max_cycles: 0xffffffff, max_idle_ns: 7645519600211568 ns
[    0.000000] setup_percpu: NR_CPUS:512 nr_cpumask_bits:512 nr_cpu_ids:2 nr_node_ids:1
[    0.000000] PERCPU: Embedded 34 pages/cpu @ffff88011b400000 s99544 r8192 d31528 u1048576
[    0.000000] PV qspinlock hash table entries: 256 (order: 0, 4096 bytes)
[    0.000000] Built 1 zonelists in Node order, mobility grouping on.  Total pages: 1013912
[    0.000000] Policy zone: Normal
[    0.000000] Kernel command line: BOOT_IMAGE=/boot/vmlinuz-4.4.0-134-generic root=LABEL=cloudimg-rootfs ro console=tty1 console=ttyS0
[    0.000000] PID hash table entries: 4096 (order: 3, 32768 bytes)
[    0.000000] Memory: 3954516K/4120120K available (8554K kernel code, 1314K rwdata, 4004K rodata, 1516K init, 1316K bss, 165604K reserved, 0K cma-reserved)
[    0.000000] SLUB: HWalign=64, Order=0-3, MinObjects=0, CPUs=2, Nodes=1
[    0.000000] Kernel/User page tables isolation: enabled
[    0.000000] Hierarchical RCU implementation.
[    0.000000] 	Build-time adjustment of leaf fanout to 64.
[    0.000000] 	RCU restricting CPUs from NR_CPUS=512 to nr_cpu_ids=2.
[    0.000000] RCU: Adjusting geometry for rcu_fanout_leaf=64, nr_cpu_ids=2
[    0.000000] NR_IRQS:33024 nr_irqs:440 16
[    0.000000] Console: colour VGA+ 80x25
[    0.000000] console [tty1] enabled
[    0.000000] console [ttyS0] enabled
[    0.000000] tsc: Detected 2807.996 MHz processor
[    7.003531] Calibrating delay loop (skipped) preset value.. 5615.99 BogoMIPS (lpj=11231984)
[    7.057544] pid_max: default: 32768 minimum: 301
[    7.086599] ACPI: Core revision 20150930
[    7.115080] ACPI: 2 ACPI AML tables successfully acquired and loaded
[    7.163863] Security Framework initialized
[    7.192262] Yama: becoming mindful.
[    7.220352] AppArmor: AppArmor initialized
[    7.256278] Dentry cache hash table entries: 524288 (order: 10, 4194304 bytes)
[    7.322240] Inode-cache hash table entries: 262144 (order: 9, 2097152 bytes)
[    7.366937] Mount-cache hash table entries: 8192 (order: 4, 65536 bytes)
[    7.406478] Mountpoint-cache hash table entries: 8192 (order: 4, 65536 bytes)
[    7.455693] Initializing cgroup subsys io
[    7.484213] Initializing cgroup subsys memory
[    7.513648] Initializing cgroup subsys devices
[    7.546472] Initializing cgroup subsys freezer
[    7.578047] Initializing cgroup subsys net_cls
[    7.606934] Initializing cgroup subsys perf_event
[    7.637419] Initializing cgroup subsys net_prio
[    7.659868] Initializing cgroup subsys hugetlb
[    7.679635] Initializing cgroup subsys pids
[    7.701675] mce: CPU supports 0 MCE banks
[    7.720521] Last level iTLB entries: 4KB 64, 2MB 8, 4MB 8
[    7.750365] Last level dTLB entries: 4KB 64, 2MB 0, 4MB 0, 1GB 4
[    7.786700] Spectre V2 : Mitigation: Full generic retpoline
[    7.821955] Spectre V2 : Speculation control IBPB not-supported IBRS not-supported
[    7.866970] Spectre V2 : Filling RSB on context switch
[    7.910770] Speculative Store Bypass: Vulnerable
[    8.023520] Freeing SMP alternatives memory: 32K
[    8.284062] ftrace: allocating 32266 entries in 127 pages
[    9.250412] smpboot: APIC(0) Converting physical 0 to logical package 0
[    9.281669] smpboot: Max logical packages: 1
[    9.313597] x2apic enabled
[    9.340884] Switched APIC routing to physical x2apic.
[    9.404093] ..TIMER: vector=0x30 apic1=0 pin1=2 apic2=-1 pin2=-1
[    9.547017] smpboot: CPU0: Intel(R) Core(TM) i7-7700HQ CPU @ 2.80GHz (family: 0x6, model: 0x9e, stepping: 0x9)
[    9.621137] Performance Events: unsupported p6 CPU model 158 no PMU driver, software events only.
[    9.680755] KVM setup paravirtual spinlock
[    9.709665] x86: Booting SMP configuration:
[    9.737330] .... node  #0, CPUs:      #1
[    9.767439] kvm-clock: cpu 1, msr 1:1b7f1041, secondary cpu clock
[    9.793395] mce: CPU supports 0 MCE banks
[    9.808037] x86: Booted up 1 node, 2 CPUs
[    9.832144] smpboot: Total of 2 processors activated (11231.98 BogoMIPS)
[    9.864963] devtmpfs: initialized
[    9.886776] evm: security.selinux
[    9.908782] evm: security.SMACK64
[    9.932508] evm: security.SMACK64EXEC
[    9.958388] evm: security.SMACK64TRANSMUTE
[    9.986556] evm: security.SMACK64MMAP
[   10.010722] evm: security.ima
[   10.034472] evm: security.capability
[   10.063079] clocksource: jiffies: mask: 0xffffffff max_cycles: 0xffffffff, max_idle_ns: 7645041785100000 ns
[   10.124185] futex hash table entries: 512 (order: 3, 32768 bytes)
[   10.157076] pinctrl core: initialized pinctrl subsystem
[   10.189926] RTC time:  5:23:38, date: 09/04/18
[   10.221194] NET: Registered protocol family 16
[   10.262084] cpuidle: using governor ladder
[   10.297264] cpuidle: using governor menu
[   10.343274] PCCT header not found.
[   10.374078] ACPI: bus type PCI registered
[   10.401405] acpiphp: ACPI Hot Plug PCI Controller Driver version: 0.5
[   10.453126] PCI: Using configuration type 1 for base access
[   10.509847] ACPI: Added _OSI(Module Device)
[   10.538521] ACPI: Added _OSI(Processor Device)
[   10.569213] ACPI: Added _OSI(3.0 _SCP Extensions)
[   10.601402] ACPI: Added _OSI(Processor Aggregator Device)
[   10.646432] ACPI: Executed 1 blocks of module-level executable AML code
[   10.700947] ACPI: Interpreter enabled
[   10.724874] ACPI: (supports S0 S5)
[   10.741360] ACPI: Using IOAPIC for interrupt routing
[   10.771099] PCI: Using host bridge windows from ACPI; if necessary, use "pci=nocrs" and report a bug
[   10.871504] ACPI: PCI Root Bridge [PCI0] (domain 0000 [bus 00-ff])
[   10.900265] acpi PNP0A03:00: _OSC: OS supports [ASPM ClockPM Segments MSI]
[   10.930901] acpi PNP0A03:00: _OSC: not requesting OS control; OS requires [ExtendedConfig ASPM ClockPM MSI]
[   10.982585] acpi PNP0A03:00: fail to add MMCONFIG information, can't access extended PCI configuration space under this bridge.
[   11.059677] PCI host bridge to bus 0000:00
[   11.088612] pci_bus 0000:00: root bus resource [io  0x0000-0x0cf7 window]
[   11.436182] pci_bus 0000:00: root bus resource [io  0x0d00-0xffff window]
[   11.477445] pci_bus 0000:00: root bus resource [mem 0x000a0000-0x000bffff window]
[   11.526926] pci_bus 0000:00: root bus resource [mem 0xe0000000-0xfdffffff window]
[   11.575734] pci_bus 0000:00: root bus resource [bus 00-ff]
[   11.680214] pci 0000:00:01.1: legacy IDE quirk: reg 0x10: [io  0x01f0-0x01f7]
[   11.722580] pci 0000:00:01.1: legacy IDE quirk: reg 0x14: [io  0x03f6]
[   11.761187] pci 0000:00:01.1: legacy IDE quirk: reg 0x18: [io  0x0170-0x0177]
[   11.837685] pci 0000:00:01.1: legacy IDE quirk: reg 0x1c: [io  0x0376]
[   12.069896] pci 0000:00:07.0: quirk: [io  0x4000-0x403f] claimed by PIIX4 ACPI
[   12.117628] pci 0000:00:07.0: quirk: [io  0x4100-0x410f] claimed by PIIX4 SMB
[   12.335875] ACPI: PCI Interrupt Link [LNKA] (IRQs 5 9 10 *11)
[   12.402645] ACPI: PCI Interrupt Link [LNKB] (IRQs 5 9 *10 11)
[   12.465575] ACPI: PCI Interrupt Link [LNKC] (IRQs 5 *9 10 11)
[   12.523856] ACPI: PCI Interrupt Link [LNKD] (IRQs 5 9 10 *11)
[   12.584746] ACPI: Enabled 2 GPEs in block 00 to 07
[   12.641277] vgaarb: setting as boot device: PCI:0000:00:02.0
[   12.682877] vgaarb: device added: PCI:0000:00:02.0,decodes=io+mem,owns=io+mem,locks=none
[   12.736469] vgaarb: loaded
[   12.756516] vgaarb: bridge control possible 0000:00:02.0
[   12.789692] SCSI subsystem initialized
[   12.822218] ACPI: bus type USB registered
[   12.851233] usbcore: registered new interface driver usbfs
[   12.887475] usbcore: registered new interface driver hub
[   12.921958] usbcore: registered new device driver usb
[   12.959435] PCI: Using ACPI for IRQ routing
[   12.996243] NetLabel: Initializing
[   13.021045] NetLabel:  domain hash size = 128
[   13.048189] NetLabel:  protocols = UNLABELED CIPSOv4
[   13.071121] NetLabel:  unlabeled traffic allowed by default
[   13.097361] amd_nb: Cannot enumerate AMD northbridges
[   13.127920] clocksource: Switched to clocksource kvm-clock
[   13.204869] AppArmor: AppArmor Filesystem Enabled
[   13.234964] pnp: PnP ACPI init
[   13.275656] pnp: PnP ACPI: found 3 devices
[   13.316454] clocksource: acpi_pm: mask: 0xffffff max_cycles: 0xffffff, max_idle_ns: 2085701024 ns
[   13.362095] NET: Registered protocol family 2
[   13.386477] TCP established hash table entries: 32768 (order: 6, 262144 bytes)
[   13.425553] TCP bind hash table entries: 32768 (order: 7, 524288 bytes)
[   13.463591] TCP: Hash tables configured (established 32768 bind 32768)
[   13.496221] UDP hash table entries: 2048 (order: 4, 65536 bytes)
[   13.527345] UDP-Lite hash table entries: 2048 (order: 4, 65536 bytes)
[   13.563747] NET: Registered protocol family 1
[   13.593782] pci 0000:00:00.0: Limiting direct PCI/PCI transfers
[   13.631427] pci 0000:00:01.0: Activating ISA DMA hang workarounds
[   13.673003] Unpacking initramfs...
[   14.361344] Freeing initrd memory: 14792K
[   14.388870] PCI-DMA: Using software bounce buffering for IO (SWIOTLB)
[   14.425186] software IO TLB [mem 0xdbff0000-0xdfff0000] (64MB) mapped at [ffff8800dbff0000-ffff8800dffeffff]
[   14.481609] platform rtc_cmos: registered platform RTC device (no PNP device found)
[   14.527245] Scanning for low memory corruption every 60 seconds
[   14.563381] audit: initializing netlink subsys (disabled)
[   14.599232] audit: type=2000 audit(1536038633.966:1): initialized
[   14.655955] Initialise system trusted keyring
[   14.691915] HugeTLB registered 2 MB page size, pre-allocated 0 pages
[   14.736998] zbud: loaded
[   14.759550] VFS: Disk quotas dquot_6.6.0
[   14.784333] VFS: Dquot-cache hash table entries: 512 (order 0, 4096 bytes)
[   14.842315] squashfs: version 4.0 (2009/01/31) Phillip Lougher
[   14.890032] fuse init (API version 7.23)
[   14.921058] Key type big_key registered
[   14.948727] Allocating IMA MOK and blacklist keyrings.
[   15.003076] Key type asymmetric registered
[   15.028586] Asymmetric key parser 'x509' registered
[   15.074882] Block layer SCSI generic (bsg) driver version 0.4 loaded (major 249)
[   15.125317] io scheduler noop registered
[   15.153943] io scheduler deadline registered (default)
[   15.198795] io scheduler cfq registered
[   15.229715] pci_hotplug: PCI Hot Plug PCI Core version: 0.5
[   15.264408] pciehp: PCI Express Hot Plug Controller Driver version: 0.4
[   15.303721] ACPI: AC Adapter [AC] (off-line)
[   15.326354] input: Power Button as /devices/LNXSYSTM:00/LNXPWRBN:00/input/input0
[   15.361497] ACPI: Power Button [PWRF]
[   15.379701] input: Sleep Button as /devices/LNXSYSTM:00/LNXSLPBN:00/input/input1
[   15.426043] ACPI: Sleep Button [SLPF]
[   15.448561] GHES: HEST is not enabled!
[   15.453066] ACPI: Battery Slot [BAT0] (battery present)
[   15.489985] Serial: 8250/16550 driver, 32 ports, IRQ sharing enabled
[   15.600364] 00:02: ttyS0 at I/O 0x3f8 (irq = 4, base_baud = 115200) is a 16550A
[   15.649772] Linux agpgart interface v0.103
[   15.686390] loop: module loaded
[   15.720072] scsi host0: ata_piix
[   15.744023] scsi host1: ata_piix
[   15.769602] ata1: PATA max UDMA/33 cmd 0x1f0 ctl 0x3f6 bmdma 0xd000 irq 14
[   15.804876] ata2: PATA max UDMA/33 cmd 0x170 ctl 0x376 bmdma 0xd008 irq 15
[   15.845009] libphy: Fixed MDIO Bus: probed
[   15.875914] tun: Universal TUN/TAP device driver, 1.6
[   15.907425] tun: (C) 1999-2004 Max Krasnyansky <maxk@qualcomm.com>
[   15.938716] PPP generic driver version 2.4.2
[   15.966019] ehci_hcd: USB 2.0 'Enhanced' Host Controller (EHCI) Driver
[   16.001887] ehci-pci: EHCI PCI platform driver
[   16.035603] ehci-platform: EHCI generic platform driver
[   16.068854] ohci_hcd: USB 1.1 'Open' Host Controller (OHCI) Driver
[   16.103288] ohci-pci: OHCI PCI platform driver
[   16.134495] ohci-platform: OHCI generic platform driver
[   16.166476] uhci_hcd: USB Universal Host Controller Interface driver
[   16.205080] i8042: PNP: PS/2 Controller [PNP0303:PS2K,PNP0f03:PS2M] at 0x60,0x64 irq 1,12
[   16.262674] serio: i8042 KBD port at 0x60,0x64 irq 1
[   16.297961] serio: i8042 AUX port at 0x60,0x64 irq 12
[   16.343171] mousedev: PS/2 mouse device common for all mice
[   16.389144] rtc_cmos rtc_cmos: rtc core: registered rtc_cmos as rtc0
[   16.417851] input: AT Translated Set 2 keyboard as /devices/platform/i8042/serio0/input/input2
[   16.456025] rtc_cmos rtc_cmos: alarms up to one day, 114 bytes nvram
[   16.494427] i2c /dev entries driver
[   16.521875] device-mapper: uevent: version 1.0.3
[   16.553863] device-mapper: ioctl: 4.34.0-ioctl (2015-10-28) initialised: dm-devel@redhat.com
[   16.618827] ledtrig-cpu: registered to indicate activity on CPUs
[   16.660645] NET: Registered protocol family 10
[   16.691191] NET: Registered protocol family 17
[   16.717912] Key type dns_resolver registered
[   16.750492] registered taskstats version 1
[   16.777349] Loading compiled-in X.509 certificates
[   16.804538] Loaded X.509 cert 'Build time autogenerated kernel key: 4eb3d024ac16f76c1747ffd474694c84db21038b'
[   16.858365] zswap: loaded using pool lzo/zbud
[   16.899526] Key type trusted registered
[   16.941154] Key type encrypted registered
[   16.969461] AppArmor: AppArmor sha1 policy hashing enabled
[   17.000465] ima: No TPM chip found, activating TPM-bypass!
[   17.037165] ima: Allocated hash algorithm: sha1
[   17.067344] evm: HMAC attrs: 0x1
[   17.100821]   Magic number: 2:668:364
[   17.130185] rtc_cmos rtc_cmos: setting system clock to 2018-09-04 05:23:45 UTC (1536038625)
[   17.183099] BIOS EDD facility v0.16 2004-Jun-25, 0 devices found
[   17.219233] EDD information not available.
[   17.263941] Freeing unused kernel memory: 1516K
[   17.301085] Write protecting the kernel read-only data: 14336k
[   17.357564] Freeing unused kernel memory: 1672K
[   17.389899] Freeing unused kernel memory: 92K
Loading, please wait...
starting version 229
[   17.486334] random: systemd-udevd: uninitialized urandom read (16 bytes read, 9 bits of entropy available)
[   17.487558] random: udevadm: uninitialized urandom read (16 bytes read, 9 bits of entropy available)
[   17.487578] random: udevadm: uninitialized urandom read (16 bytes read, 9 bits of entropy available)
[   17.499867] random: udevadm: uninitialized urandom read (16 bytes read, 9 bits of entropy available)
[   17.499916] random: udevadm: uninitialized urandom read (16 bytes read, 9 bits of entropy available)
[   17.500057] random: udevadm: uninitialized urandom read (16 bytes read, 9 bits of entropy available)
[   17.500340] random: udevadm: uninitialized urandom read (16 bytes read, 9 bits of entropy available)
[   17.500394] random: udevadm: uninitialized urandom read (16 bytes read, 9 bits of entropy available)
[   17.500576] random: udevadm: uninitialized urandom read (16 bytes read, 9 bits of entropy available)
[   17.500638] random: udevadm: uninitialized urandom read (16 bytes read, 9 bits of entropy available)
[   18.137143] e1000: Intel(R) PRO/1000 Network Driver - version 7.3.21-k8-NAPI
[   18.181412] e1000: Copyright (c) 1999-2006 Intel Corporation.
[   18.215305] Fusion MPT base driver 3.04.20
[   18.243954] Copyright (c) 1999-2008 LSI Corporation
[   18.377094] Fusion MPT SPI Host driver 3.04.20
[   18.436011] AVX2 version of gcm_enc/dec engaged.
[   18.466584] AES CTR mode by8 optimization enabled
[   18.825561] input: ImExPS/2 Generic Explorer Mouse as /devices/platform/i8042/serio1/input/input4
[   21.421549] e1000 0000:00:03.0 eth0: (PCI:33MHz:32-bit) 02:1d:76:b3:3c:fe
[   21.458673] e1000 0000:00:03.0 eth0: Intel(R) PRO/1000 Network Connection
[   24.420502] e1000 0000:00:08.0 eth1: (PCI:33MHz:32-bit) 08:00:27:f3:6f:e2
[   24.454399] e1000 0000:00:08.0 eth1: Intel(R) PRO/1000 Network Connection
[   24.504457] mptbase: ioc0: Initiating bringup
[   24.507092] e1000 0000:00:08.0 enp0s8: renamed from eth1
[   24.577641] e1000 0000:00:03.0 enp0s3: renamed from eth0
[   25.551721] ioc0: LSI53C1030 A0: Capabilities={Initiator}
[   26.801333] scsi host2: ioc0: LSI53C1030 A0, FwRev=00000000h, Ports=1, MaxQ=256, IRQ=20
[   27.580635] scsi 2:0:0:0: Direct-Access     VBOX     HARDDISK         1.0  PQ: 0 ANSI: 5
[   27.664562] scsi target2:0:0: Beginning Domain Validation
[   27.719694] scsi target2:0:0: Domain Validation skipping write tests
[   27.757711] scsi target2:0:0: Ending Domain Validation
[   27.789346] scsi target2:0:0: asynchronous
[   27.818816] scsi 2:0:1:0: Direct-Access     VBOX     HARDDISK         1.0  PQ: 0 ANSI: 5
[   27.888012] scsi target2:0:1: Beginning Domain Validation
[   27.940463] scsi target2:0:1: Domain Validation skipping write tests
[   27.987782] scsi target2:0:1: Ending Domain Validation
[   28.025323] scsi target2:0:1: asynchronous
[   28.150135] sd 2:0:0:0: Attached scsi generic sg0 type 0
[   28.153430] sd 2:0:0:0: [sda] 20971520 512-byte logical blocks: (10.7 GB/10.0 GiB)
[   28.157102] sd 2:0:0:0: [sda] Write Protect is off
[   28.158846] sd 2:0:0:0: [sda] Incomplete mode parameter data
[   28.158849] sd 2:0:0:0: [sda] Assuming drive cache: write through
[   28.178747]  sda: sda1
[   28.189147] sd 2:0:0:0: [sda] Attached SCSI disk
[   28.432906] sd 2:0:1:0: [sdb] 20480 512-byte logical blocks: (10.5 MB/10.0 MiB)
[   28.478059] sd 2:0:1:0: Attached scsi generic sg1 type 0
[   28.480728] sd 2:0:1:0: [sdb] Write Protect is off
[   28.481643] sd 2:0:1:0: [sdb] Incomplete mode parameter data
[   28.481645] sd 2:0:1:0: [sdb] Assuming drive cache: write through
[   28.494210] sd 2:0:1:0: [sdb] Attached SCSI disk
Begin: Loading essential drivers ... [   39.180832] md: linear personality registered for level -1
[   39.223758] md: multipath personality registered for level -4
[   39.273385] md: raid0 personality registered for level 0
[   39.316824] md: raid1 personality registered for level 1
[   39.436116] raid6: sse2x1   gen()  7454 MB/s
[   39.524908] raid6: sse2x1   xor()  3702 MB/s
[   39.620600] raid6: sse2x2   gen()  5760 MB/s
[   39.716078] raid6: sse2x2   xor()  4071 MB/s
[   39.808786] raid6: sse2x4   gen()  6428 MB/s
[   39.900682] raid6: sse2x4   xor()  3965 MB/s
[   39.996398] raid6: avx2x1   gen()  9545 MB/s
[   40.092640] raid6: avx2x2   gen() 10123 MB/s
[   40.184087] raid6: avx2x4   gen() 10073 MB/s
[   40.211113] raid6: using algorithm avx2x2 gen() 10123 MB/s
[   40.243206] raid6: using avx2x2 recovery algorithm
[   40.279645] xor: automatically using best checksumming function:
[   40.352399]    avx       :  9167.000 MB/sec
[   40.393034] async_tx: api initialized (async)
[   40.464600] md: raid6 personality registered for level 6
[   40.488706] md: raid5 personality registered for level 5
[   40.513758] md: raid4 personality registered for level 4
[   40.555854] md: raid10 personality registered for level 10
done.
Begin: Running /scripts/init-premount ... done.
Begin: Mounting root file system ... Begin: Running /scripts/local-top ... done.
Begin: Running /scripts/local-premount ... [   40.813723] Btrfs loaded
Scanning for Btrfs filesystems
done.
Warning: fsck not present, so skipping root file system
[   40.953664] EXT4-fs (sda1): mounted filesystem with ordered data mode. Opts: (null)
done.
Begin: Running /scripts/local-bottom ... done.
Begin: Running /scripts/init-bottom ... done.
[   41.540671] systemd[1]: systemd 229 running in system mode. (+PAM +AUDIT +SELINUX +IMA +APPARMOR +SMACK +SYSVINIT +UTMP +LIBCRYPTSETUP +GCRYPT +GNUTLS +ACL +XZ -LZ4 +SECCOMP +BLKID +ELFUTILS +KMOD -IDN)
[   41.620739] systemd[1]: Detected virtualization oracle.
[   41.653936] systemd[1]: Detected architecture x86-64.

Welcome to [1mUbuntu 16.04.5 LTS[0m!

[   41.718743] systemd[1]: Set hostname to <ubuntu-xenial>.
[   41.887609] random: nonblocking pool is initialized
[   42.385321] systemd[1]: Listening on Journal Socket (/dev/log).
[[0;32m  OK  [0m] Listening on Journal Socket (/dev/log).
[   42.461820] systemd[1]: Listening on Journal Audit Socket.
[[0;32m  OK  [0m] Listening on Journal Audit Socket.
[   42.579703] systemd[1]: Reached target Swap.
[[0;32m  OK  [0m] Reached target Swap.
[   42.642739] systemd[1]: Reached target User and Group Name Lookups.
[[0;32m  OK  [0m] Reached target User and Group Name Lookups.
[   42.746305] systemd[1]: Reached target Encrypted Volumes.
[[0;32m  OK  [0m] Reached target Encrypted Volumes.
[   42.822430] systemd[1]: Listening on Journal Socket.
[[0;32m  OK  [0m] Listening on Journal Socket.
[   42.881056] systemd[1]: Set up automount Arbitrary Executable File Formats File System Automount Point.
[[0;32m  OK  [0m] Set up automount Arbitrary Executab...ats File System Automount Point.
[   43.003859] systemd[1]: Created slice System Slice.
[[0;32m  OK  [0m] Created slice System Slice.
[   43.081400] systemd[1]: Mounting Debug File System...
         Mounting Debug File System...
[   43.137528] systemd[1]: Starting Create list of required static device nodes for the current kernel...
         Starting Create list of required st... nodes for the current kernel...
[   43.228784] systemd[1]: Created slice system-serial\x2dgetty.slice.
[[0;32m  OK  [0m] Created slice system-serial\x2dgetty.slice.
[   43.296813] systemd[1]: Listening on Device-mapper event daemon FIFOs.
[[0;32m  OK  [0m] Listening on Device-mapper event daemon FIFOs.
[   43.378116] systemd[1]: Listening on Syslog Socket.
[[0;32m  OK  [0m] Listening on Syslog Socket.
[   43.456293] systemd[1]: Starting Nameserver information manager...
         Starting Nameserver information manager...
[   43.541986] systemd[1]: Starting Set console keymap...
         Starting Set console keymap...
[   43.622036] systemd[1]: Created slice User and Session Slice.
[[0;32m  OK  [0m] Created slice User and Session Slice.
[   43.698549] systemd[1]: Reached target Slices.
[[0;32m  OK  [0m] Reached target Slices.
[   43.757420] systemd[1]: Starting Load Kernel Modules...
[   43.784468] Loading iSCSI transport class v2.0-870.
         Starting Load Kernel Modules...
[   43.819405] systemd[1]: Starting Uncomplicated firewall...
         [   43.862296] iscsi: registered transport (tcp)
Starting Uncomplicated firewall...
[   43.894896] systemd[1]: Listening on /dev/initctl Compatibility Named Pipe.
[[0;32m  OK  [0m] Listening on /dev/initctl Compatibility Named Pipe.
[   43.978111] systemd[1]: Listening on LVM2 poll daemon socket.
[[0;32m  OK  [0m] Listening on LVM2 poll daemon socket.
[   44.061205] systemd[1]: Listening on udev Control Socket.
[[   44.106335] iscsi: registered transport (iser)
[0;32m  OK  [0m] Listening on udev Control Socket.
[   44.149920] systemd[1]: Listening on LVM2 metadata daemon socket.
[[0;32m  OK  [0m] Listening on LVM2 metadata daemon socket.
[   44.232951] systemd[1]: Starting Monitoring of LVM2 mirrors, snapshots etc. using dmeventd or progress polling...
         Starting Monitoring of LVM2 mirrors... dmeventd or progress polling...
[   44.332232] systemd[1]: Listening on udev Kernel Socket.
[[0;32m  OK  [0m] Listening on udev Kernel Socket.
[   44.405830] systemd[1]: Reached target System Time Synchronized.
[[0;32m  OK  [0m] Reached target System Time Synchronized.
[   44.508421] systemd[1]: Starting Journal Service...
         Starting Journal Service...
[   44.596214] systemd[1]: Started Trigger resolvconf update for networkd DNS.
[[0;32m  OK  [0m] Started Trigger resolvconf update for networkd DNS.
[   44.692794] systemd[1]: Starting Remount Root and Kernel File Systems...
[   44.739755] EXT4-fs (sda1): re-mounted. Opts: (null)
         Starting Remount Root and Kernel File Systems...
[   44.787986] systemd[1]: Mounting Huge Pages File System...
         Mounting Huge Pages File System...
[   44.848060] systemd[1]: Started Forward Password Requests to Wall Directory Watch.
[[0;32m  OK  [0m] Started Forward Password Requests to Wall Directory Watch.
[   44.918981] systemd[1]: Mounting POSIX Message Queue File System...
         Mounting POSIX Message Queue File System...
[   44.995385] systemd[1]: Mounted Debug File System.
[[0;32m  OK  [0m] Mounted Debug File System.
[   45.067494] systemd[1]: Mounted Huge Pages File System.
[[0;32m  OK  [0m] Mounted Huge Pages File System.
[   45.142848] systemd[1]: Mounted POSIX Message Queue File System.
[[0;32m  OK  [0m] Mounted POSIX Message Queue File System.
[   45.215072] systemd[1]: Started Journal Service.
[[0;32m  OK  [0m] Started Journal Service.
[[0;32m  OK  [0m] Started Create list of required sta...ce nodes for the current kernel.
[[0;32m  OK  [0m] Started Set console keymap.
[[0;32m  OK  [0m] Started Load Kernel Modules.
[[0;32m  OK  [0m] Started Uncomplicated firewall.
[[0;32m  OK  [0m] Started Remount Root and Kernel File Systems.
[[0;32m  OK  [0m] Started Nameserver information manager.
[[0;32m  OK  [0m] Started LVM2 metadata daemon.
         Starting udev Coldplug all Devices...
         Starting Load/Save Random Seed...
         Starting Apply Kernel Variables...
         Mounting FUSE Control File System...
         Starting Create Static Device Nodes in /dev...
         Starting Flush Journal to Persistent Storage...
[[0;32m  OK  [0m] Mounted FUSE Control File System.
[[0;32m  OK  [0m] Started Load/Save Random Seed.
[[0;32m  OK  [0m] Started Apply Kernel Variables.
[[0;32m  OK  [0m] Started Create Static Device Nodes in /dev.
[[0;32m  OK  [0m] Started Monitoring of LVM2 mirrors,...ng dmeventd or progress polling.
[[0;32m  OK  [0m] Started udev Coldplug all Devices.
[[0;32m  OK  [0m] Started Flush Journal to Persistent Storage.
         Starting udev Kernel Device Manager...
[[0;32m  OK  [0m] Started udev Kernel Device Manager.
[[0;32m  OK  [0m] Reached target Local File Systems (Pre).
[[0;32m  OK  [0m] Reached target Local File Systems.
         Starting LSB: AppArmor initialization...
         Starting Initial cloud-init job (pre-networking)...
         Starting Create Volatile Files and Directories...
         Starting Tell Plymouth To Write Out Runtime Data...
         Starting Set console font and keymap...
[[0;32m  OK  [0m] Started Dispatch Password Requests to Console Directory Watch.
[[0;32m  OK  [0m] Started Tell Plymouth To Write Out Runtime Data.
[[0;32m  OK  [0m] Started Create Volatile Files and Directories.
         Starting Update UTMP about System Boot/Shutdown...
[[0;32m  OK  [0m] Started Update UTMP about System Boot/Shutdown.
[[0;32m  OK  [0m] Started LSB: AppArmor initialization.
[   37.637348] cloud-init[481]: Cloud-init v. 18.3-9-g2e62cb8a-0ubuntu1~16.04.2 running 'init-local' at Tue, 04 Sep 2018 05:24:16 +0000. Up 36.95 seconds.
[[0;32m  OK  [0m] Started Initial cloud-init job (pre-networking).
[[0;32m  OK  [0m] Found device /dev/ttyS0.
[[0;32m  OK  [0m] Listening on Load/Save RF Kill Switch Status /dev/rfkill Watch.
[[0;32m  OK  [0m] Reached target Network (Pre).
[[0;32m  OK  [0m] Started ifup for enp0s8.
[[0;32m  OK  [0m] Started ifup for enp0s3.
         Starting Raise network interfaces...
[[0;32m  OK  [0m] Started Set console font and keymap.
[[0;32m  OK  [0m] Created slice system-getty.slice.
[[0;32m  OK  [0m] Started Raise network interfaces.
[[0;32m  OK  [0m] Reached target Network.
         Starting Initial cloud-init job (metadata service crawler)...
[   64.291923] cloud-init[1062]: Cloud-init v. 18.3-9-g2e62cb8a-0ubuntu1~16.04.2 running 'init' at Tue, 04 Sep 2018 05:24:43 +0000. Up 63.55 seconds.
[[   64.363706] cloud-init[1062]: ci-info: ++++++++++++++++++++++++++++++++++++++Net device info+++++++++++++++++++++++++++++++++++++++
[   64.380075] cloud-init[1062]: ci-info: +--------+------+-----------------------------+---------------+--------+-------------------+
[   64.388427] cloud-init[1062]: ci-info: | Device |  Up  |           Address           |      Mask     | Scope  |     Hw-Address    |
[   64.392405] cloud-init[1062]: ci-info: +--------+------+-----------------------------+---------------+--------+-------------------+
[   64.395063] cloud-init[1062]: ci-info: | enp0s3 | True |          10.0.2.15          | 255.255.255.0 | global | 02:1d:76:b3:3c:fe |
[   64.412915] cloud-init[1062]: ci-info: | enp0s3 | True |  fe80::1d:76ff:feb3:3cfe/64 |       .       |  link  | 02:1d:76:b3:3c:fe |
[   64.424001] cloud-init[1062]: ci-info: | enp0s8 | True |        192.168.33.30        | 255.255.255.0 | global | 08:00:27:f3:6f:e2 |
[   64.424127] cloud-init[1062]: ci-info: | enp0s8 | True | fe80::a00:27ff:fef3:6fe2/64 |       .       |  link  | 08:00:27:f3:6f:e2 |
[   64.428046] cloud-init[1062]: ci-info: |   lo   | True |          127.0.0.1          |   255.0.0.0   |  host  |         .         |
[   64.460503] cloud-init[1062]: ci-info: |   lo   | True |           ::1/128           |       .       |  host  |         .         |
[   64.464483] cloud-init[1062]: ci-info: +--------+------+-----------------------------+---------------+--------+-------------------+
[   64.467441] cloud-init[1062]: ci-info: ++++++++++++++++++++++++++++Route IPv4 info++++++++++++++++++++++++++++
[   64.489228] cloud-init[1062]: ci-info: +-------+--------------+----------+---------------+-----------+-------+
[0;32m  OK  [0m] Started Initial cloud-init job (metadata service crawler).
[   64.489546] cloud-init[1062]: ci-info: | Route | Destination  | Gateway  |    Genmask    | Interface | Flags |
[   64.504082] cloud-init[1062]: ci-info: +-------+--------------+----------+---------------+-----------+-------+
[[   64.511994] [0;32m  OK  [0mcloud-init[1062]: ci-info: |   0   |   0.0.0.0    | 10.0.2.2 |    0.0.0.0    |   enp0s3  |   UG  |
[   64.556724] ] Reached target System Initialization.
cloud-init[1062]: ci-info: |   1   |   10.0.2.0   | 0.0.0.0  | 255.255.255.0 |   enp0s3  |   U   |
[[0;32m  OK  [0m] Started ACPI Events Check.
[   64.881055] cloud-init[1062]: ci-info: |   2   | 192.168.33.0 | 0.0.0.0  | 255.255.255.0 |   enp0s8  |   U   |
[   64.909308] cloud-init[1062]: ci-info: +-------+--------------+----------+---------------+-----------+-------+
[   64.909383] cloud-init[1062]: ci-info: +++++++++++++++++++Route IPv6 info+++++++++++++++++++
[   64.914011] cloud-init[1062]: ci-info: +-------+-------------+---------+-----------+-------+
[   64.928376] cloud-init[1062]: ci-info: | Route | Destination | Gateway | Interface | Flags |
[   64.931498] cloud-init[1062]: ci-info: +-------+-------------+---------+-----------+-------+
[   64.948073] cloud-init[1062]: ci-info: |   0   |  fe80::/64  |    ::   |   enp0s8  |   U   |
[   64.963565] cloud-init[1062]: ci-info: |   1   |  fe80::/64  |    ::   |   enp0s3  |   U   |
[   64.966707] cloud-init[1062]: ci-info: |   6   |   ff00::/8  |    ::   |   enp0s8  |   U   |
[   64.976273] cloud-init[1062]: ci-info: |   7   |   ff00::/8  |    ::   |   enp0s3  |   U   |
[   64.979160] cloud-init[1062]: ci-info: +-------+-------------+---------+-----------+-------+
[[0;32m  OK  [0m] Reached target Paths.
         Starting LXD - unix socket.
[[0;32m  OK  [0m] Listening on ACPID Listen Socket.
[[0;32m  OK  [0m] Listening on UUID daemon activation socket.
[[0;32m  OK  [0m] Started Daily Cleanup of Temporary Directories.
[[0;32m  OK  [0m] Started Daily apt download activities.
[[0;32m  OK  [0m] Started Daily apt upgrade and clean activities.
[[0;32m  OK  [0m] Reached target Timers.
[[0;32m  OK  [0m] Listening on D-Bus System Message Bus Socket.
         Starting Socket activation for snappy daemon.
[[0;32m  OK  [0m] Reached target Cloud-config availability.
[[0;32m  OK  [0m] Reached target Network is Online.
         Starting iSCSI initiator daemon (iscsid)...
[[0;32m  OK  [0m] Listening on LXD - unix socket.
[[0;32m  OK  [0m] Listening on Socket activation for snappy daemon.
[[0;32m  OK  [0m] Started iSCSI initiator daemon (iscsid).
         Starting Login to default iSCSI targets...
[[0;32m  OK  [0m] Reached target Sockets.
[[0;32m  OK  [0m] Reached target Basic System.
[[0;32m  OK  [0m] Started Unattended Upgrades Shutdown.
[[0;32m  OK  [0m] Started ACPI event daemon.
[[0;32m  OK  [0m] Started FUSE filesystem for LXC.
         Starting LSB: MD monitoring daemon...
         Starting Virtualbox guest utils...
[[0;32m  OK  [0m] Started Deferred execution scheduler.
         Starting Accounts Service...
[[0;32m  OK  [0m] Started D-Bus System Message Bus.
         Starting Snappy daemon...
[[0;32m  OK  [0m] Started Regular background program processing daemon.
         Starting /etc/rc.local Compatibility...
         Starting OpenBSD Secure Shell server...
         Starting Login Service...
         Starting System Logging Service...
         Starting LSB: Record successful boot for GRUB...
         Starting LXD - container startup/shutdown...
[[0;32m  OK  [0m] Started OpenBSD Secure Shell server.
[[0;32m  OK  [0m] Started System Logging Service.
[[0;32m  OK  [0m] Started /etc/rc.local Compatibility.
[[0;32m  OK  [0m] Started Snappy daemon.
[[0;32m  OK  [0m] Started Login to default iSCSI targets.
[[0;32m  OK  [0m] Started LSB: MD monitoring daemon.
[[0;32m  OK  [0m] Started LXD - container startup/shutdown.
[[0;32m  OK  [0m] Started LSB: Record successful boot for GRUB.
[[0;32m  OK  [0m] Started Virtualbox guest utils.
         Starting Authenticate and Authorize Users to Run Privileged Tasks...
[[0;32m  OK  [0m] Reached target Remote File Systems (Pre).
[[0;32m  OK  [0m] Reached target Remote File Systems.
         Starting LSB: daemon to balance interrupts for SMP systems...
         Starting LSB: Start Jenkins at boot time...
         Starting LSB: Apache2 web server...
         Starting Permit User Sessions...
         Starting LSB: Set the CPU Frequency Scaling governor to "ondemand"...
         Starting LSB: automatic crash report generation...
         Starting Wait until snapd is fully seeded...
[[0;32m  OK  [0m] Started Permit User Sessions.
[[0;32m  OK  [0m] Started Login Service.
[[0;32m  OK  [0m] Started Authenticate and Authorize Users to Run Privileged Tasks.
[[0;32m  OK  [0m] Started Wait until snapd is fully seeded.
[[0;32m  OK  [0m] Started Accounts Service.
         Starting Apply the settings specified in cloud-config...
         Starting Terminate Plymouth Boot Screen...
         Starting Hold until boot process finishes up...
[[0;32m  OK  [0m] Started LSB: daemon to balance interrupts for SMP systems.
[[0;32m  OK  [0m] Started LSB: Set the CPU Frequency Scaling governor to "ondemand".
[[0;32m  OK  [0m] Started LSB: automatic crash report generation.
[[0;32m  OK  [0m] Started Terminate Plymouth Boot Screen.
[[0;32m  OK  [0m] Started Hold until boot process finishes up.
[[0;32m  OK  [0m] Started Getty on tty1.
[[0;32m  OK  [0m] Started Serial Getty on ttyS0.
[[0;32m  OK  [0m] Reached target Login Prompts.
         Starting Set console scheme...
[[0;32m  OK  [0m] Started LSB: Apache2 web server.
[[0;32m  OK  [0m] Started Set console scheme.
[[0;32m  OK  [0m] Created slice User Slice of jenkins.
         Starting User Manager for UID 112...
[[0;32m  OK  [0m] Started Session c1 of user jenkins.
[[0;32m  OK  [0m] Started User Manager for UID 112.
[   68.238901] cloud-init[1293]: Cloud-init v. 18.3-9-g2e62cb8a-0ubuntu1~16.04.2 running 'modules:config' at Tue, 04 Sep 2018 05:24:47 +0000. Up 68.05 seconds.
[[0;32m  OK  [0m] Started Apply the settings specified in cloud-config.
[[0;32m  OK  [0m] Created slice User Slice of vagrant.
         Starting User Manager for UID 1000...
[[0;32m  OK  [0m] Started User Manager for UID 1000.
[[0;32m  OK  [0m] Started Session 1 of user vagrant.
[[0;32m  OK  [0m] Started LSB: Start Jenkins at boot time.
[[0;32m  OK  [0m] Reached target Multi-User System.
         Starting Execute cloud user/final scripts...
[[0;32m  OK  [0m] Reached target Graphical Interface.
         Starting Update UTMP about System Runlevel Changes...
[[0;32m  OK  [0m] Started Update UTMP about System Runlevel Changes.
[   70.375541] cloud-init[1479]: Cloud-init v. 18.3-9-g2e62cb8a-0ubuntu1~16.04.2 running 'modules:final' at Tue, 04 Sep 2018 05:24:49 +0000. Up 70.16 seconds.[[0;32m  OK  [0m] 
Started Execute cloud user/final scripts.
[[0;32m  OK  [0m] Reached target Cloud-init target.
[   70.492336] cloud-init[1479]: Cloud-init v. 18.3-9-g2e62cb8a-0ubuntu1~16.04.2 finished at Tue, 04 Sep 2018 05:24:50 +0000. Datasource DataSourceNoCloud [seed=/dev/sdb][dsmode=net].  Up 70.36 seconds

Ubuntu 16.04.5 LTS ubuntu-xenial ttyS0

ubuntu-xenial login: 